<?xml version="1.0" encoding="UTF-8"?>
<!-- Generated by org.testng.reporters.JUnitReportReporter -->
<testsuite hostname="IT-PC" failures="0" tests="1" name="com.wordpress.testCases.TestcaseLogin" time="32.668" errors="0" timestamp="08 Aug 2019 06:49:55 GMT" skipped="0">
  <testcase classname="com.wordpress.testCases.TestcaseLogin" name="VerifyLoginPage" time="32.668"/>
</testsuite> <!-- com.wordpress.testCases.TestcaseLogin -->
