<?xml version="1.0" encoding="UTF-8"?>
<!-- Generated by org.testng.reporters.JUnitReportReporter -->
<testsuite hostname="IT-PC" failures="0" tests="3" name="dataDrivenTest.FBDemo" time="47.164" errors="0" timestamp="10 Aug 2019 00:09:56 GMT" skipped="0">
  <testcase classname="dataDrivenTest.FBDemo" name="loginToFB" time="10.762"/>
  <testcase classname="dataDrivenTest.FBDemo" name="loginToFB" time="15.869"/>
  <testcase classname="dataDrivenTest.FBDemo" name="loginToFB" time="20.533"/>
</testsuite> <!-- dataDrivenTest.FBDemo -->
