<?xml version="1.0" encoding="UTF-8"?>
<!-- Generated by org.testng.reporters.JUnitReportReporter -->
<testsuite hostname="IT-PC" failures="0" tests="1" name="chromeSample.FailedTestScreenshot" time="15.096" errors="0" timestamp="01 Aug 2019 12:19:27 GMT" skipped="0">
  <testcase classname="chromeSample.FailedTestScreenshot" name="captureScreenshot" time="15.096"/>
</testsuite> <!-- chromeSample.FailedTestScreenshot -->
