<?xml version="1.0" encoding="UTF-8"?>
<!-- Generated by org.testng.reporters.JUnitReportReporter -->
<testsuite hostname="IT-PC" failures="0" tests="1" name="com.wordpress.testCases.VerifyValidLogin" time="32.841" errors="0" timestamp="08 Aug 2019 13:21:47 GMT" skipped="0">
  <testcase classname="com.wordpress.testCases.VerifyValidLogin" name="checkValidUser" time="32.841"/>
</testsuite> <!-- com.wordpress.testCases.VerifyValidLogin -->
