<?xml version="1.0" encoding="UTF-8"?>
<!-- Generated by org.testng.reporters.JUnitReportReporter -->
<testsuite hostname="IT-PC" failures="0" tests="3" name="testNG.FirstTestNGClass" time="0.000" errors="0" timestamp="10 Aug 2019 00:21:29 GMT" skipped="0">
  <testcase classname="testNG.FirstTestNGClass" name="loginAppl" time="0.000"/>
  <testcase classname="testNG.FirstTestNGClass" name="loginApplmid" time="0.000"/>
  <testcase classname="testNG.FirstTestNGClass" name="loginApplend" time="0.000"/>
</testsuite> <!-- testNG.FirstTestNGClass -->
