<?xml version="1.0" encoding="UTF-8"?>
<!-- Generated by org.testng.reporters.JUnitReportReporter -->
<testsuite hostname="IT-PC" failures="0" tests="3" name="testNG.DependancyWithExample" time="12.658" errors="0" timestamp="08 Aug 2019 18:26:35 GMT" skipped="0">
  <testcase classname="testNG.DependancyWithExample" name="logoutApp" time="3.316"/>
  <testcase classname="testNG.DependancyWithExample" name="startURL" time="6.951"/>
  <testcase classname="testNG.DependancyWithExample" name="Login" time="2.391"/>
</testsuite> <!-- testNG.DependancyWithExample -->
